[samopen] SAM header is present: 66 sequences.
[samopen] SAM header is present: 66 sequences.
[samopen] SAM header is present: 66 sequences.
[samopen] SAM header is present: 66 sequences.
15:26:15.819 INFO  NativeLibraryLoader - Loading libgkl_compression.so from jar:file:/home/xiaoshan/bin/picard.jar!/com/intel/gkl/native/libgkl_compression.so
[Sat Apr 28 15:26:15 CST 2018] MarkDuplicates INPUT=[/data5/galaxy/project/DNMT1_KO/unique_bam/DTK_In_sorted.bam] OUTPUT=/data5/galaxy/project/DNMT1_KO/unique_bam/DTK_In_sorted_rmdup.bam METRICS_FILE=/data5/galaxy/project/DNMT1_KO/unique_bam/DTK_In_sorted_out.metrics REMOVE_DUPLICATES=true TMP_DIR=[/data5/galaxy/project] VALIDATION_STRINGENCY=SILENT CREATE_INDEX=true    MAX_SEQUENCES_FOR_DISK_READ_ENDS_MAP=50000 MAX_FILE_HANDLES_FOR_READ_ENDS_MAP=8000 SORTING_COLLECTION_SIZE_RATIO=0.25 TAG_DUPLICATE_SET_MEMBERS=false REMOVE_SEQUENCING_DUPLICATES=false TAGGING_POLICY=DontTag CLEAR_DT=true ADD_PG_TAG_TO_READS=true ASSUME_SORTED=false DUPLICATE_SCORING_STRATEGY=SUM_OF_BASE_QUALITIES PROGRAM_RECORD_ID=MarkDuplicates PROGRAM_GROUP_NAME=MarkDuplicates READ_NAME_REGEX=<optimized capture of last three ':' separated fields as numeric values> OPTICAL_DUPLICATE_PIXEL_DISTANCE=100 MAX_OPTICAL_DUPLICATE_SET_SIZE=300000 VERBOSITY=INFO QUIET=false COMPRESSION_LEVEL=5 MAX_RECORDS_IN_RAM=500000 CREATE_MD5_FILE=false GA4GH_CLIENT_SECRETS=client_secrets.json USE_JDK_DEFLATER=false USE_JDK_INFLATER=false
[Sat Apr 28 15:26:15 CST 2018] Executing as galaxy@xialab-70DGA02ACN on Linux 4.4.0-97-generic amd64; OpenJDK 64-Bit Server VM 1.8.0_162-8u162-b12-0ubuntu0.16.04.2-b12; Deflater: Intel; Inflater: Intel; Picard version: 2.16.0-SNAPSHOT
INFO	2018-04-28 15:26:15	MarkDuplicates	Start of doWork freeMemory: 2002602432; totalMemory: 2022178816; maxMemory: 28631367680
INFO	2018-04-28 15:26:15	MarkDuplicates	Reading input file and constructing read end information.
INFO	2018-04-28 15:26:15	MarkDuplicates	Will retain up to 103736839 data points before spilling to disk.
INFO	2018-04-28 15:26:22	MarkDuplicates	Read     1,000,000 records.  Elapsed time: 00:00:05s.  Time for last 1,000,000:    5s.  Last read position: chr7:4,808,256
INFO	2018-04-28 15:26:22	MarkDuplicates	Tracking 0 as yet unmatched pairs. 0 records in RAM.
15:26:23.006 INFO  NativeLibraryLoader - Loading libgkl_compression.so from jar:file:/home/xiaoshan/bin/picard.jar!/com/intel/gkl/native/libgkl_compression.so
[Sat Apr 28 15:26:23 CST 2018] MarkDuplicates INPUT=[/data5/galaxy/project/DNMT1_KO/unique_bam/CGR8_In_sorted.bam] OUTPUT=/data5/galaxy/project/DNMT1_KO/unique_bam/CGR8_In_sorted_rmdup.bam METRICS_FILE=/data5/galaxy/project/DNMT1_KO/unique_bam/CGR8_In_sorted_out.metrics REMOVE_DUPLICATES=true TMP_DIR=[/data5/galaxy/project] VALIDATION_STRINGENCY=SILENT CREATE_INDEX=true    MAX_SEQUENCES_FOR_DISK_READ_ENDS_MAP=50000 MAX_FILE_HANDLES_FOR_READ_ENDS_MAP=8000 SORTING_COLLECTION_SIZE_RATIO=0.25 TAG_DUPLICATE_SET_MEMBERS=false REMOVE_SEQUENCING_DUPLICATES=false TAGGING_POLICY=DontTag CLEAR_DT=true ADD_PG_TAG_TO_READS=true ASSUME_SORTED=false DUPLICATE_SCORING_STRATEGY=SUM_OF_BASE_QUALITIES PROGRAM_RECORD_ID=MarkDuplicates PROGRAM_GROUP_NAME=MarkDuplicates READ_NAME_REGEX=<optimized capture of last three ':' separated fields as numeric values> OPTICAL_DUPLICATE_PIXEL_DISTANCE=100 MAX_OPTICAL_DUPLICATE_SET_SIZE=300000 VERBOSITY=INFO QUIET=false COMPRESSION_LEVEL=5 MAX_RECORDS_IN_RAM=500000 CREATE_MD5_FILE=false GA4GH_CLIENT_SECRETS=client_secrets.json USE_JDK_DEFLATER=false USE_JDK_INFLATER=false
[Sat Apr 28 15:26:23 CST 2018] Executing as galaxy@xialab-70DGA02ACN on Linux 4.4.0-97-generic amd64; OpenJDK 64-Bit Server VM 1.8.0_162-8u162-b12-0ubuntu0.16.04.2-b12; Deflater: Intel; Inflater: Intel; Picard version: 2.16.0-SNAPSHOT
INFO	2018-04-28 15:26:23	MarkDuplicates	Start of doWork freeMemory: 2002602416; totalMemory: 2022178816; maxMemory: 28631367680
INFO	2018-04-28 15:26:23	MarkDuplicates	Reading input file and constructing read end information.
INFO	2018-04-28 15:26:23	MarkDuplicates	Will retain up to 103736839 data points before spilling to disk.
INFO	2018-04-28 15:26:26	MarkDuplicates	Read     2,000,000 records.  Elapsed time: 00:00:09s.  Time for last 1,000,000:    4s.  Last read position: chr13:21,832,081
INFO	2018-04-28 15:26:26	MarkDuplicates	Tracking 0 as yet unmatched pairs. 0 records in RAM.
INFO	2018-04-28 15:26:31	MarkDuplicates	Read     3,000,000 records.  Elapsed time: 00:00:15s.  Time for last 1,000,000:    5s.  Last read position: chrX:4,136,329
INFO	2018-04-28 15:26:31	MarkDuplicates	Tracking 0 as yet unmatched pairs. 0 records in RAM.
INFO	2018-04-28 15:26:33	MarkDuplicates	Read     1,000,000 records.  Elapsed time: 00:00:07s.  Time for last 1,000,000:    7s.  Last read position: chr9:78,479,694
INFO	2018-04-28 15:26:33	MarkDuplicates	Tracking 0 as yet unmatched pairs. 0 records in RAM.
INFO	2018-04-28 15:26:34	MarkDuplicates	Read 3590502 records. 0 pairs never matched.
INFO	2018-04-28 15:26:38	MarkDuplicates	After buildSortedReadEndLists freeMemory: 3694074568; totalMemory: 4766826496; maxMemory: 28631367680
INFO	2018-04-28 15:26:38	MarkDuplicates	Will retain up to 894730240 duplicate indices before spilling to disk.
INFO	2018-04-28 15:26:39	MarkDuplicates	Read     2,000,000 records.  Elapsed time: 00:00:13s.  Time for last 1,000,000:    5s.  Last read position: chr17:39,845,117
INFO	2018-04-28 15:26:39	MarkDuplicates	Tracking 0 as yet unmatched pairs. 0 records in RAM.
INFO	2018-04-28 15:26:43	MarkDuplicates	Read 2686075 records. 0 pairs never matched.
INFO	2018-04-28 15:26:47	MarkDuplicates	After buildSortedReadEndLists freeMemory: 3490449984; totalMemory: 4508876800; maxMemory: 28631367680
INFO	2018-04-28 15:26:47	MarkDuplicates	Will retain up to 894730240 duplicate indices before spilling to disk.
INFO	2018-04-28 15:27:00	MarkDuplicates	Traversing read pair information and detecting duplicates.
INFO	2018-04-28 15:27:00	MarkDuplicates	Traversing fragment information and detecting duplicates.
INFO	2018-04-28 15:27:01	MarkDuplicates	Sorting list of duplicate records.
INFO	2018-04-28 15:27:03	MarkDuplicates	After generateDuplicateIndexes freeMemory: 4748198424; totalMemory: 11961630720; maxMemory: 28631367680
INFO	2018-04-28 15:27:03	MarkDuplicates	Marking 1150873 records as duplicates.
INFO	2018-04-28 15:27:03	MarkDuplicates	Found 0 optical duplicate clusters.
INFO	2018-04-28 15:27:03	MarkDuplicates	Reads are assumed to be ordered by: coordinate
INFO	2018-04-28 15:27:08	MarkDuplicates	Traversing read pair information and detecting duplicates.
INFO	2018-04-28 15:27:08	MarkDuplicates	Traversing fragment information and detecting duplicates.
INFO	2018-04-28 15:27:08	MarkDuplicates	Sorting list of duplicate records.
[bam_sort_core] merging from 22 files...
INFO	2018-04-28 15:27:10	MarkDuplicates	After generateDuplicateIndexes freeMemory: 4472383528; totalMemory: 11679039488; maxMemory: 28631367680
INFO	2018-04-28 15:27:10	MarkDuplicates	Marking 894227 records as duplicates.
INFO	2018-04-28 15:27:10	MarkDuplicates	Found 0 optical duplicate clusters.
INFO	2018-04-28 15:27:10	MarkDuplicates	Reads are assumed to be ordered by: coordinate
15:28:13.116 INFO  NativeLibraryLoader - Loading libgkl_compression.so from jar:file:/home/xiaoshan/bin/picard.jar!/com/intel/gkl/native/libgkl_compression.so
[Sat Apr 28 15:28:13 CST 2018] MarkDuplicates INPUT=[/data5/galaxy/project/DNMT1_KO/unique_bam/CGR8_IP_sorted.bam] OUTPUT=/data5/galaxy/project/DNMT1_KO/unique_bam/CGR8_IP_sorted_rmdup.bam METRICS_FILE=/data5/galaxy/project/DNMT1_KO/unique_bam/CGR8_IP_sorted_out.metrics REMOVE_DUPLICATES=true TMP_DIR=[/data5/galaxy/project] VALIDATION_STRINGENCY=SILENT CREATE_INDEX=true    MAX_SEQUENCES_FOR_DISK_READ_ENDS_MAP=50000 MAX_FILE_HANDLES_FOR_READ_ENDS_MAP=8000 SORTING_COLLECTION_SIZE_RATIO=0.25 TAG_DUPLICATE_SET_MEMBERS=false REMOVE_SEQUENCING_DUPLICATES=false TAGGING_POLICY=DontTag CLEAR_DT=true ADD_PG_TAG_TO_READS=true ASSUME_SORTED=false DUPLICATE_SCORING_STRATEGY=SUM_OF_BASE_QUALITIES PROGRAM_RECORD_ID=MarkDuplicates PROGRAM_GROUP_NAME=MarkDuplicates READ_NAME_REGEX=<optimized capture of last three ':' separated fields as numeric values> OPTICAL_DUPLICATE_PIXEL_DISTANCE=100 MAX_OPTICAL_DUPLICATE_SET_SIZE=300000 VERBOSITY=INFO QUIET=false COMPRESSION_LEVEL=5 MAX_RECORDS_IN_RAM=500000 CREATE_MD5_FILE=false GA4GH_CLIENT_SECRETS=client_secrets.json USE_JDK_DEFLATER=false USE_JDK_INFLATER=false
[Sat Apr 28 15:28:13 CST 2018] Executing as galaxy@xialab-70DGA02ACN on Linux 4.4.0-97-generic amd64; OpenJDK 64-Bit Server VM 1.8.0_162-8u162-b12-0ubuntu0.16.04.2-b12; Deflater: Intel; Inflater: Intel; Picard version: 2.16.0-SNAPSHOT
INFO	2018-04-28 15:28:13	MarkDuplicates	Start of doWork freeMemory: 2002602416; totalMemory: 2022178816; maxMemory: 28631367680
INFO	2018-04-28 15:28:13	MarkDuplicates	Reading input file and constructing read end information.
INFO	2018-04-28 15:28:13	MarkDuplicates	Will retain up to 103736839 data points before spilling to disk.
15:28:19.791 INFO  NativeLibraryLoader - Loading libgkl_compression.so from jar:file:/home/xiaoshan/bin/picard.jar!/com/intel/gkl/native/libgkl_compression.so
[Sat Apr 28 15:28:19 CST 2018] MarkDuplicates INPUT=[/data5/galaxy/project/DNMT1_KO/unique_bam/DTK_IP_sorted.bam] OUTPUT=/data5/galaxy/project/DNMT1_KO/unique_bam/DTK_IP_sorted_rmdup.bam METRICS_FILE=/data5/galaxy/project/DNMT1_KO/unique_bam/DTK_IP_sorted_out.metrics REMOVE_DUPLICATES=true TMP_DIR=[/data5/galaxy/project] VALIDATION_STRINGENCY=SILENT CREATE_INDEX=true    MAX_SEQUENCES_FOR_DISK_READ_ENDS_MAP=50000 MAX_FILE_HANDLES_FOR_READ_ENDS_MAP=8000 SORTING_COLLECTION_SIZE_RATIO=0.25 TAG_DUPLICATE_SET_MEMBERS=false REMOVE_SEQUENCING_DUPLICATES=false TAGGING_POLICY=DontTag CLEAR_DT=true ADD_PG_TAG_TO_READS=true ASSUME_SORTED=false DUPLICATE_SCORING_STRATEGY=SUM_OF_BASE_QUALITIES PROGRAM_RECORD_ID=MarkDuplicates PROGRAM_GROUP_NAME=MarkDuplicates READ_NAME_REGEX=<optimized capture of last three ':' separated fields as numeric values> OPTICAL_DUPLICATE_PIXEL_DISTANCE=100 MAX_OPTICAL_DUPLICATE_SET_SIZE=300000 VERBOSITY=INFO QUIET=false COMPRESSION_LEVEL=5 MAX_RECORDS_IN_RAM=500000 CREATE_MD5_FILE=false GA4GH_CLIENT_SECRETS=client_secrets.json USE_JDK_DEFLATER=false USE_JDK_INFLATER=false
[Sat Apr 28 15:28:19 CST 2018] Executing as galaxy@xialab-70DGA02ACN on Linux 4.4.0-97-generic amd64; OpenJDK 64-Bit Server VM 1.8.0_162-8u162-b12-0ubuntu0.16.04.2-b12; Deflater: Intel; Inflater: Intel; Picard version: 2.16.0-SNAPSHOT
INFO	2018-04-28 15:28:19	MarkDuplicates	Start of doWork freeMemory: 2002602592; totalMemory: 2022178816; maxMemory: 28631367680
INFO	2018-04-28 15:28:19	MarkDuplicates	Reading input file and constructing read end information.
INFO	2018-04-28 15:28:19	MarkDuplicates	Will retain up to 103736839 data points before spilling to disk.
INFO	2018-04-28 15:28:21	MarkDuplicates	Read     1,000,000 records.  Elapsed time: 00:00:06s.  Time for last 1,000,000:    6s.  Last read position: chr1:181,905,834
INFO	2018-04-28 15:28:21	MarkDuplicates	Tracking 0 as yet unmatched pairs. 0 records in RAM.
INFO	2018-04-28 15:28:26	MarkDuplicates	Read     2,000,000 records.  Elapsed time: 00:00:11s.  Time for last 1,000,000:    4s.  Last read position: chr2:151,460,132
INFO	2018-04-28 15:28:26	MarkDuplicates	Tracking 0 as yet unmatched pairs. 0 records in RAM.
INFO	2018-04-28 15:28:26	MarkDuplicates	Written    10,000,000 records.  Elapsed time: 00:01:23s.  Time for last 10,000,000:   83s.  Last read position: */*
INFO	2018-04-28 15:28:29	MarkDuplicates	Read     1,000,000 records.  Elapsed time: 00:00:07s.  Time for last 1,000,000:    7s.  Last read position: chr1:136,213,894
INFO	2018-04-28 15:28:29	MarkDuplicates	Tracking 0 as yet unmatched pairs. 0 records in RAM.
INFO	2018-04-28 15:28:31	MarkDuplicates	Read     3,000,000 records.  Elapsed time: 00:00:16s.  Time for last 1,000,000:    5s.  Last read position: chr3:95,659,946
INFO	2018-04-28 15:28:31	MarkDuplicates	Tracking 0 as yet unmatched pairs. 0 records in RAM.
INFO	2018-04-28 15:28:35	MarkDuplicates	Read     2,000,000 records.  Elapsed time: 00:00:13s.  Time for last 1,000,000:    5s.  Last read position: chr2:66,893,475
INFO	2018-04-28 15:28:35	MarkDuplicates	Tracking 0 as yet unmatched pairs. 0 records in RAM.
INFO	2018-04-28 15:28:36	MarkDuplicates	Read     4,000,000 records.  Elapsed time: 00:00:21s.  Time for last 1,000,000:    4s.  Last read position: chr4:127,047,804
INFO	2018-04-28 15:28:36	MarkDuplicates	Tracking 0 as yet unmatched pairs. 0 records in RAM.
INFO	2018-04-28 15:28:36	MarkDuplicates	Before output close freeMemory: 13781821416; totalMemory: 13875806208; maxMemory: 28631367680
INFO	2018-04-28 15:28:37	MarkDuplicates	After output close freeMemory: 14371488600; totalMemory: 14477688832; maxMemory: 28631367680
[Sat Apr 28 15:28:37 CST 2018] picard.sam.markduplicates.MarkDuplicates done. Elapsed time: 2.35 minutes.
Runtime.totalMemory()=14477688832
INFO	2018-04-28 15:28:39	MarkDuplicates	Written    10,000,000 records.  Elapsed time: 00:01:29s.  Time for last 10,000,000:   89s.  Last read position: */*
INFO	2018-04-28 15:28:42	MarkDuplicates	Read     5,000,000 records.  Elapsed time: 00:00:27s.  Time for last 1,000,000:    5s.  Last read position: chr5:86,037,643
INFO	2018-04-28 15:28:42	MarkDuplicates	Tracking 0 as yet unmatched pairs. 0 records in RAM.
INFO	2018-04-28 15:28:42	MarkDuplicates	Read     3,000,000 records.  Elapsed time: 00:00:20s.  Time for last 1,000,000:    6s.  Last read position: chr2:175,325,711
INFO	2018-04-28 15:28:42	MarkDuplicates	Tracking 0 as yet unmatched pairs. 0 records in RAM.
INFO	2018-04-28 15:28:44	MarkDuplicates	Read     6,000,000 records.  Elapsed time: 00:00:29s.  Time for last 1,000,000:    2s.  Last read position: chr6:86,439,250
INFO	2018-04-28 15:28:44	MarkDuplicates	Tracking 0 as yet unmatched pairs. 0 records in RAM.
INFO	2018-04-28 15:28:46	MarkDuplicates	Read     4,000,000 records.  Elapsed time: 00:00:25s.  Time for last 1,000,000:    4s.  Last read position: chr3:95,660,849
INFO	2018-04-28 15:28:46	MarkDuplicates	Tracking 0 as yet unmatched pairs. 0 records in RAM.
INFO	2018-04-28 15:28:50	MarkDuplicates	Read     7,000,000 records.  Elapsed time: 00:00:35s.  Time for last 1,000,000:    5s.  Last read position: chr7:46,083,848
INFO	2018-04-28 15:28:50	MarkDuplicates	Tracking 0 as yet unmatched pairs. 0 records in RAM.
INFO	2018-04-28 15:28:50	MarkDuplicates	Read     5,000,000 records.  Elapsed time: 00:00:29s.  Time for last 1,000,000:    3s.  Last read position: chr4:105,578,748
INFO	2018-04-28 15:28:50	MarkDuplicates	Tracking 0 as yet unmatched pairs. 0 records in RAM.
INFO	2018-04-28 15:28:52	MarkDuplicates	Read     8,000,000 records.  Elapsed time: 00:00:37s.  Time for last 1,000,000:    2s.  Last read position: chr8:69,826,357
INFO	2018-04-28 15:28:52	MarkDuplicates	Tracking 0 as yet unmatched pairs. 0 records in RAM.
INFO	2018-04-28 15:28:53	MarkDuplicates	Read     6,000,000 records.  Elapsed time: 00:00:31s.  Time for last 1,000,000:    2s.  Last read position: chr4:147,331,532
INFO	2018-04-28 15:28:53	MarkDuplicates	Tracking 0 as yet unmatched pairs. 0 records in RAM.
INFO	2018-04-28 15:29:00	MarkDuplicates	Read     7,000,000 records.  Elapsed time: 00:00:38s.  Time for last 1,000,000:    6s.  Last read position: chr5:115,298,634
INFO	2018-04-28 15:29:00	MarkDuplicates	Tracking 0 as yet unmatched pairs. 0 records in RAM.
INFO	2018-04-28 15:29:00	MarkDuplicates	Read     9,000,000 records.  Elapsed time: 00:00:45s.  Time for last 1,000,000:    8s.  Last read position: chr9:44,043,445
INFO	2018-04-28 15:29:00	MarkDuplicates	Tracking 0 as yet unmatched pairs. 0 records in RAM.
INFO	2018-04-28 15:29:03	MarkDuplicates	Read    10,000,000 records.  Elapsed time: 00:00:48s.  Time for last 1,000,000:    2s.  Last read position: chr10:59,950,610
INFO	2018-04-28 15:29:03	MarkDuplicates	Tracking 0 as yet unmatched pairs. 0 records in RAM.
INFO	2018-04-28 15:29:04	MarkDuplicates	Read     8,000,000 records.  Elapsed time: 00:00:42s.  Time for last 1,000,000:    4s.  Last read position: chr6:100,866,493
INFO	2018-04-28 15:29:04	MarkDuplicates	Tracking 0 as yet unmatched pairs. 0 records in RAM.
INFO	2018-04-28 15:29:05	MarkDuplicates	Before output close freeMemory: 13406233000; totalMemory: 13492027392; maxMemory: 28631367680
INFO	2018-04-28 15:29:05	MarkDuplicates	After output close freeMemory: 13307666856; totalMemory: 13393461248; maxMemory: 28631367680
[Sat Apr 28 15:29:05 CST 2018] picard.sam.markduplicates.MarkDuplicates done. Elapsed time: 2.72 minutes.
Runtime.totalMemory()=13393461248
INFO	2018-04-28 15:29:06	MarkDuplicates	Read    11,000,000 records.  Elapsed time: 00:00:51s.  Time for last 1,000,000:    3s.  Last read position: chr11:55,500,058
INFO	2018-04-28 15:29:06	MarkDuplicates	Tracking 0 as yet unmatched pairs. 0 records in RAM.
INFO	2018-04-28 15:29:06	MarkDuplicates	Read     9,000,000 records.  Elapsed time: 00:00:45s.  Time for last 1,000,000:    2s.  Last read position: chr7:65,313,322
INFO	2018-04-28 15:29:06	MarkDuplicates	Tracking 0 as yet unmatched pairs. 0 records in RAM.
INFO	2018-04-28 15:29:11	MarkDuplicates	Read    12,000,000 records.  Elapsed time: 00:00:56s.  Time for last 1,000,000:    5s.  Last read position: chr11:118,477,083
INFO	2018-04-28 15:29:11	MarkDuplicates	Tracking 0 as yet unmatched pairs. 0 records in RAM.
INFO	2018-04-28 15:29:12	MarkDuplicates	Read    10,000,000 records.  Elapsed time: 00:00:50s.  Time for last 1,000,000:    5s.  Last read position: chr8:43,296,339
INFO	2018-04-28 15:29:12	MarkDuplicates	Tracking 0 as yet unmatched pairs. 0 records in RAM.
INFO	2018-04-28 15:29:14	MarkDuplicates	Read    13,000,000 records.  Elapsed time: 00:00:59s.  Time for last 1,000,000:    2s.  Last read position: chr13:23,356,334
INFO	2018-04-28 15:29:14	MarkDuplicates	Tracking 0 as yet unmatched pairs. 0 records in RAM.
INFO	2018-04-28 15:29:14	MarkDuplicates	Read    11,000,000 records.  Elapsed time: 00:00:52s.  Time for last 1,000,000:    2s.  Last read position: chr9:22,788,377
INFO	2018-04-28 15:29:14	MarkDuplicates	Tracking 0 as yet unmatched pairs. 0 records in RAM.
INFO	2018-04-28 15:29:16	MarkDuplicates	Read    14,000,000 records.  Elapsed time: 00:01:01s.  Time for last 1,000,000:    2s.  Last read position: chr14:43,713,962
INFO	2018-04-28 15:29:16	MarkDuplicates	Tracking 0 as yet unmatched pairs. 0 records in RAM.
INFO	2018-04-28 15:29:22	MarkDuplicates	Read    15,000,000 records.  Elapsed time: 00:01:07s.  Time for last 1,000,000:    5s.  Last read position: chr15:98,949,936
INFO	2018-04-28 15:29:22	MarkDuplicates	Tracking 0 as yet unmatched pairs. 0 records in RAM.
INFO	2018-04-28 15:29:22	MarkDuplicates	Read    12,000,000 records.  Elapsed time: 00:01:01s.  Time for last 1,000,000:    8s.  Last read position: chr10:5,802,190
INFO	2018-04-28 15:29:22	MarkDuplicates	Tracking 0 as yet unmatched pairs. 0 records in RAM.
INFO	2018-04-28 15:29:24	MarkDuplicates	Read    16,000,000 records.  Elapsed time: 00:01:09s.  Time for last 1,000,000:    2s.  Last read position: chr17:33,663,279
INFO	2018-04-28 15:29:24	MarkDuplicates	Tracking 0 as yet unmatched pairs. 0 records in RAM.
INFO	2018-04-28 15:29:25	MarkDuplicates	Read    13,000,000 records.  Elapsed time: 00:01:03s.  Time for last 1,000,000:    2s.  Last read position: chr10:128,310,452
INFO	2018-04-28 15:29:25	MarkDuplicates	Tracking 0 as yet unmatched pairs. 0 records in RAM.
INFO	2018-04-28 15:29:27	MarkDuplicates	Read    17,000,000 records.  Elapsed time: 00:01:12s.  Time for last 1,000,000:    2s.  Last read position: chr18:65,868,745
INFO	2018-04-28 15:29:27	MarkDuplicates	Tracking 0 as yet unmatched pairs. 0 records in RAM.
INFO	2018-04-28 15:29:27	MarkDuplicates	Read    14,000,000 records.  Elapsed time: 00:01:05s.  Time for last 1,000,000:    2s.  Last read position: chr11:84,019,684
INFO	2018-04-28 15:29:27	MarkDuplicates	Tracking 0 as yet unmatched pairs. 0 records in RAM.
INFO	2018-04-28 15:29:37	MarkDuplicates	Read    15,000,000 records.  Elapsed time: 00:01:16s.  Time for last 1,000,000:   10s.  Last read position: chr12:21,015,370
INFO	2018-04-28 15:29:37	MarkDuplicates	Tracking 0 as yet unmatched pairs. 0 records in RAM.
INFO	2018-04-28 15:29:40	MarkDuplicates	Read    16,000,000 records.  Elapsed time: 00:01:18s.  Time for last 1,000,000:    2s.  Last read position: chr13:23,544,681
INFO	2018-04-28 15:29:40	MarkDuplicates	Tracking 0 as yet unmatched pairs. 0 records in RAM.
INFO	2018-04-28 15:29:41	MarkDuplicates	Read    18,000,000 records.  Elapsed time: 00:01:26s.  Time for last 1,000,000:   14s.  Last read position: chrX:101,404,903
INFO	2018-04-28 15:29:41	MarkDuplicates	Tracking 0 as yet unmatched pairs. 0 records in RAM.
INFO	2018-04-28 15:29:43	MarkDuplicates	Read    19,000,000 records.  Elapsed time: 00:01:28s.  Time for last 1,000,000:    2s.  Last read position: chrM:1,966
INFO	2018-04-28 15:29:43	MarkDuplicates	Tracking 0 as yet unmatched pairs. 0 records in RAM.
INFO	2018-04-28 15:29:43	MarkDuplicates	Read    17,000,000 records.  Elapsed time: 00:01:21s.  Time for last 1,000,000:    3s.  Last read position: chr13:116,067,159
INFO	2018-04-28 15:29:43	MarkDuplicates	Tracking 0 as yet unmatched pairs. 0 records in RAM.
INFO	2018-04-28 15:29:43	MarkDuplicates	Read 19169366 records. 0 pairs never matched.
INFO	2018-04-28 15:29:46	MarkDuplicates	Read    18,000,000 records.  Elapsed time: 00:01:24s.  Time for last 1,000,000:    2s.  Last read position: chr15:36,601,392
INFO	2018-04-28 15:29:46	MarkDuplicates	Tracking 0 as yet unmatched pairs. 0 records in RAM.
INFO	2018-04-28 15:29:48	MarkDuplicates	Read    19,000,000 records.  Elapsed time: 00:01:27s.  Time for last 1,000,000:    2s.  Last read position: chr16:34,114,660
INFO	2018-04-28 15:29:48	MarkDuplicates	Tracking 0 as yet unmatched pairs. 0 records in RAM.
INFO	2018-04-28 15:29:53	MarkDuplicates	Read    20,000,000 records.  Elapsed time: 00:01:32s.  Time for last 1,000,000:    4s.  Last read position: chr17:39,844,035
INFO	2018-04-28 15:29:53	MarkDuplicates	Tracking 0 as yet unmatched pairs. 0 records in RAM.
INFO	2018-04-28 15:29:56	MarkDuplicates	Read    21,000,000 records.  Elapsed time: 00:01:34s.  Time for last 1,000,000:    2s.  Last read position: chr18:80,130,051
INFO	2018-04-28 15:29:56	MarkDuplicates	Tracking 0 as yet unmatched pairs. 0 records in RAM.
INFO	2018-04-28 15:29:59	MarkDuplicates	Read    22,000,000 records.  Elapsed time: 00:01:37s.  Time for last 1,000,000:    3s.  Last read position: chrX:57,465,494
INFO	2018-04-28 15:29:59	MarkDuplicates	Tracking 0 as yet unmatched pairs. 0 records in RAM.
INFO	2018-04-28 15:30:00	MarkDuplicates	After buildSortedReadEndLists freeMemory: 9827927672; totalMemory: 11955863552; maxMemory: 28631367680
INFO	2018-04-28 15:30:00	MarkDuplicates	Will retain up to 894730240 duplicate indices before spilling to disk.
INFO	2018-04-28 15:30:01	MarkDuplicates	Read    23,000,000 records.  Elapsed time: 00:01:39s.  Time for last 1,000,000:    2s.  Last read position: chrM:1,185
INFO	2018-04-28 15:30:01	MarkDuplicates	Tracking 0 as yet unmatched pairs. 0 records in RAM.
INFO	2018-04-28 15:30:05	MarkDuplicates	Traversing read pair information and detecting duplicates.
INFO	2018-04-28 15:30:05	MarkDuplicates	Traversing fragment information and detecting duplicates.
INFO	2018-04-28 15:30:07	MarkDuplicates	Sorting list of duplicate records.
INFO	2018-04-28 15:30:19	MarkDuplicates	Read 23778554 records. 0 pairs never matched.
INFO	2018-04-28 15:30:28	MarkDuplicates	After buildSortedReadEndLists freeMemory: 9468851232; totalMemory: 11790712832; maxMemory: 28631367680
INFO	2018-04-28 15:30:28	MarkDuplicates	Will retain up to 894730240 duplicate indices before spilling to disk.
INFO	2018-04-28 15:30:30	MarkDuplicates	Traversing read pair information and detecting duplicates.
INFO	2018-04-28 15:30:30	MarkDuplicates	Traversing fragment information and detecting duplicates.
INFO	2018-04-28 15:30:32	MarkDuplicates	Sorting list of duplicate records.
INFO	2018-04-28 15:30:37	MarkDuplicates	After generateDuplicateIndexes freeMemory: 13227254728; totalMemory: 20587216896; maxMemory: 28631367680
INFO	2018-04-28 15:30:37	MarkDuplicates	Marking 8751267 records as duplicates.
INFO	2018-04-28 15:30:37	MarkDuplicates	Found 0 optical duplicate clusters.
INFO	2018-04-28 15:30:37	MarkDuplicates	Reads are assumed to be ordered by: coordinate
INFO	2018-04-28 15:30:40	MarkDuplicates	After generateDuplicateIndexes freeMemory: 12960617320; totalMemory: 20307771392; maxMemory: 28631367680
INFO	2018-04-28 15:30:40	MarkDuplicates	Marking 10493138 records as duplicates.
INFO	2018-04-28 15:30:40	MarkDuplicates	Found 0 optical duplicate clusters.
INFO	2018-04-28 15:30:40	MarkDuplicates	Reads are assumed to be ordered by: coordinate
INFO	2018-04-28 15:31:59	MarkDuplicates	Written    10,000,000 records.  Elapsed time: 00:01:18s.  Time for last 10,000,000:   78s.  Last read position: chr14:6,559,766
INFO	2018-04-28 15:32:09	MarkDuplicates	Written    10,000,000 records.  Elapsed time: 00:01:31s.  Time for last 10,000,000:   91s.  Last read position: chrX:8,976,353
INFO	2018-04-28 15:33:08	MarkDuplicates	Written    20,000,000 records.  Elapsed time: 00:02:27s.  Time for last 10,000,000:   69s.  Last read position: */*
INFO	2018-04-28 15:33:11	MarkDuplicates	Before output close freeMemory: 20387794320; totalMemory: 20591935488; maxMemory: 28631367680
INFO	2018-04-28 15:33:11	MarkDuplicates	After output close freeMemory: 20111494544; totalMemory: 20315635712; maxMemory: 28631367680
[Sat Apr 28 15:33:11 CST 2018] picard.sam.markduplicates.MarkDuplicates done. Elapsed time: 4.98 minutes.
Runtime.totalMemory()=20315635712
INFO	2018-04-28 15:33:17	MarkDuplicates	Before output close freeMemory: 20628650432; totalMemory: 20834156544; maxMemory: 28631367680
INFO	2018-04-28 15:33:17	MarkDuplicates	After output close freeMemory: 20844132800; totalMemory: 21049638912; maxMemory: 28631367680
[Sat Apr 28 15:33:17 CST 2018] picard.sam.markduplicates.MarkDuplicates done. Elapsed time: 4.96 minutes.
Runtime.totalMemory()=21049638912
