Detecting adapter for single end input...
Detecting adapter for single end input...
Detecting adapter for single end input...
Detecting adapter for single end input...
Detecting adapter for single end input...
Detecting adapter for single end input...
Detecting adapter for single end input...
Detecting adapter for single end input...
Detecting adapter for single end input...
Detecting adapter for single end input...
Detected adapter: ACGATCTCGTAT

Detected adapter: ACGATCTCGTAT

Detected adapter: GAACTCCAGTCACAGTCA

Traceback (most recent call last):
  File "fastp.py", line 39, in <module>
    pool.join()
  File "/data/software/anaconda3/lib/python3.6/multiprocessing/pool.py", line 546, in join
    self._worker_handler.join()
  File "/data/software/anaconda3/lib/python3.6/threading.py", line 1056, in join
    self._wait_for_tstate_lock()
  File "/data/software/anaconda3/lib/python3.6/threading.py", line 1072, in _wait_for_tstate_lock
    elif lock.acquire(block, timeout):
KeyboardInterrupt
Detecting adapter for single end input...
Detecting adapter for single end input...
Detecting adapter for single end input...
Detecting adapter for single end input...
Detecting adapter for single end input...
Detecting adapter for single end input...
Detecting adapter for single end input...
Detecting adapter for single end input...
Detecting adapter for single end input...
Detecting adapter for single end input...
Detected adapter: ACGATCTCGTAT

Detected adapter: ACGATCTCGTAT

Detected adapter: GAACTCCAGTCACAGTCA

Detected adapter: CCGTCCCTTCGGAAC

Detected adapter: GGACCGCTACGGACC

Detected adapter: GGACCGCTACGGACC

Detected adapter: AGATCGGAAGAGCACACGTCTGAACTCCAGT

Detected adapter: CCGTCCCTTCGGAACG

Detected adapter: GCGCGGGCCCGGGTGGAGCCGCCGC

No adapter detected

Read1 before filtering:
total reads: 2996237
total bases: 318188928
Q20 bases: 82012909(25.7749%)
Q30 bases: 70852012(22.2673%)

Read1 after filtering:
total reads: 82
total bases: 4365
Q20 bases: 2592(59.3814%)
Q30 bases: 2291(52.4857%)

Filtering result:
reads passed filter: 82
reads failed due to low quality: 2942394
reads failed due to too many N: 0
reads failed due to too short: 53761
reads with adapter trimmed: 0
bases trimmed due to adapters: 0

JSON report: /data5/galaxy/project/DNMT1_m6a/MEF_MES_compare/m6a_level/clean_fq/SRR1596097/SRR1596097.json
HTML report: /data5/galaxy/project/DNMT1_m6a/MEF_MES_compare/m6a_level/clean_fq/SRR1596097/SRR1596097.html

fastp -i /data5/galaxy/project/DNMT1_m6a/MEF_MES_compare/m6a_level/fq/SRR1596097.fastq.gz -o /data5/galaxy/project/DNMT1_m6a/MEF_MES_compare/m6a_level/clean_fq/SRR1596097/SRR1596097.fastq -h /data5/galaxy/project/DNMT1_m6a/MEF_MES_compare/m6a_level/clean_fq/SRR1596097/SRR1596097.html -j /data5/galaxy/project/DNMT1_m6a/MEF_MES_compare/m6a_level/clean_fq/SRR1596097/SRR1596097.json -w 4 -z 2 
fastp v0.5.0, time used: 229 seconds
Read1 before filtering:
total reads: 19281439
total bases: 964071950
Q20 bases: 943158291(97.8307%)
Q30 bases: 888500638(92.1612%)

Read1 after filtering:
total reads: 19280716
total bases: 963750100
Q20 bases: 942865348(97.833%)
Q30 bases: 888240845(92.1651%)

Filtering result:
reads passed filter: 19280716
reads failed due to low quality: 621
reads failed due to too many N: 102
reads failed due to too short: 0
reads with adapter trimmed: 57350
bases trimmed due to adapters: 285719

JSON report: /data5/galaxy/project/DNMT1_m6a/MEF_MES_compare/m6a_level/clean_fq/SRR1596085/SRR1596085.json
HTML report: /data5/galaxy/project/DNMT1_m6a/MEF_MES_compare/m6a_level/clean_fq/SRR1596085/SRR1596085.html

fastp -i /data5/galaxy/project/DNMT1_m6a/MEF_MES_compare/m6a_level/fq/SRR1596085.fastq.gz -o /data5/galaxy/project/DNMT1_m6a/MEF_MES_compare/m6a_level/clean_fq/SRR1596085/SRR1596085.fastq -h /data5/galaxy/project/DNMT1_m6a/MEF_MES_compare/m6a_level/clean_fq/SRR1596085/SRR1596085.html -j /data5/galaxy/project/DNMT1_m6a/MEF_MES_compare/m6a_level/clean_fq/SRR1596085/SRR1596085.json -w 4 -z 2 
fastp v0.5.0, time used: 307 seconds
Read1 before filtering:
total reads: 69869046
total bases: 3493452300
Q20 bases: 3444906542(98.6104%)
Q30 bases: 3347521846(95.8227%)

Read1 after filtering:
total reads: 69850374
total bases: 3477225852
Q20 bases: 3429831359(98.637%)
Q30 bases: 3333556204(95.8683%)

Filtering result:
reads passed filter: 69850374
reads failed due to low quality: 11669
reads failed due to too many N: 7003
reads failed due to too short: 0
reads with adapter trimmed: 1518677
bases trimmed due to adapters: 15294035
Read1 before filtering:
total reads: 57184658
total bases: 2859232900
Q20 bases: 2808529735(98.2267%)
Q30 bases: 2700781378(94.4583%)

Read1 after filtering:
total reads: 57175760
total bases: 2857931934
Q20 bases: 2807521041(98.2361%)
Q30 bases: 2699855680(94.4689%)

Filtering result:
reads passed filter: 57175760
reads failed due to low quality: 8898
reads failed due to too many N: 0
reads failed due to too short: 0
reads with adapter trimmed: 171500
bases trimmed due to adapters: 856206

JSON report: /data5/galaxy/project/DNMT1_m6a/MEF_MES_compare/m6a_level/clean_fq/SRR1596099/SRR1596099.json
HTML report: /data5/galaxy/project/DNMT1_m6a/MEF_MES_compare/m6a_level/clean_fq/SRR1596099/SRR1596099.html

fastp -i /data5/galaxy/project/DNMT1_m6a/MEF_MES_compare/m6a_level/fq/SRR1596099.fastq.gz -o /data5/galaxy/project/DNMT1_m6a/MEF_MES_compare/m6a_level/clean_fq/SRR1596099/SRR1596099.fastq -h /data5/galaxy/project/DNMT1_m6a/MEF_MES_compare/m6a_level/clean_fq/SRR1596099/SRR1596099.html -j /data5/galaxy/project/DNMT1_m6a/MEF_MES_compare/m6a_level/clean_fq/SRR1596099/SRR1596099.json -w 4 -z 2 
fastp v0.5.0, time used: 1290 seconds

JSON report: /data5/galaxy/project/DNMT1_m6a/MEF_MES_compare/m6a_level/clean_fq/SRR1596089/SRR1596089.json
HTML report: /data5/galaxy/project/DNMT1_m6a/MEF_MES_compare/m6a_level/clean_fq/SRR1596089/SRR1596089.html

fastp -i /data5/galaxy/project/DNMT1_m6a/MEF_MES_compare/m6a_level/fq/SRR1596089.fastq.gz -o /data5/galaxy/project/DNMT1_m6a/MEF_MES_compare/m6a_level/clean_fq/SRR1596089/SRR1596089.fastq -h /data5/galaxy/project/DNMT1_m6a/MEF_MES_compare/m6a_level/clean_fq/SRR1596089/SRR1596089.html -j /data5/galaxy/project/DNMT1_m6a/MEF_MES_compare/m6a_level/clean_fq/SRR1596089/SRR1596089.json -w 4 -z 2 
fastp v0.5.0, time used: 1336 seconds
Read1 before filtering:
total reads: 67033908
total bases: 3351695400
Q20 bases: 3298100024(98.4009%)
Q30 bases: 3191103192(95.2086%)

Read1 after filtering:
total reads: 67011054
total bases: 3345437125
Q20 bases: 3292521682(98.4183%)
Q30 bases: 3185947065(95.2326%)

Filtering result:
reads passed filter: 67011054
reads failed due to low quality: 16240
reads failed due to too many N: 6614
reads failed due to too short: 0
reads with adapter trimmed: 735507
bases trimmed due to adapters: 5116698

JSON report: /data5/galaxy/project/DNMT1_m6a/MEF_MES_compare/m6a_level/clean_fq/SRR1596087/SRR1596087.json
HTML report: /data5/galaxy/project/DNMT1_m6a/MEF_MES_compare/m6a_level/clean_fq/SRR1596087/SRR1596087.html

fastp -i /data5/galaxy/project/DNMT1_m6a/MEF_MES_compare/m6a_level/fq/SRR1596087.fastq.gz -o /data5/galaxy/project/DNMT1_m6a/MEF_MES_compare/m6a_level/clean_fq/SRR1596087/SRR1596087.fastq -h /data5/galaxy/project/DNMT1_m6a/MEF_MES_compare/m6a_level/clean_fq/SRR1596087/SRR1596087.html -j /data5/galaxy/project/DNMT1_m6a/MEF_MES_compare/m6a_level/clean_fq/SRR1596087/SRR1596087.json -w 4 -z 2 
fastp v0.5.0, time used: 1365 seconds
Read1 before filtering:
total reads: 71083728
total bases: 3554186400
Q20 bases: 3492900481(98.2757%)
Q30 bases: 3368094529(94.7641%)

Read1 after filtering:
total reads: 70972791
total bases: 3534788674
Q20 bases: 3474974077(98.3078%)
Q30 bases: 3352240861(94.8357%)

Filtering result:
reads passed filter: 70972791
reads failed due to low quality: 16303
reads failed due to too many N: 6882
reads failed due to too short: 87752
reads with adapter trimmed: 2108364
bases trimmed due to adapters: 15776304

JSON report: /data5/galaxy/project/DNMT1_m6a/MEF_MES_compare/m6a_level/clean_fq/SRR1596090/SRR1596090.json
HTML report: /data5/galaxy/project/DNMT1_m6a/MEF_MES_compare/m6a_level/clean_fq/SRR1596090/SRR1596090.html

fastp -i /data5/galaxy/project/DNMT1_m6a/MEF_MES_compare/m6a_level/fq/SRR1596090.fastq.gz -o /data5/galaxy/project/DNMT1_m6a/MEF_MES_compare/m6a_level/clean_fq/SRR1596090/SRR1596090.fastq -h /data5/galaxy/project/DNMT1_m6a/MEF_MES_compare/m6a_level/clean_fq/SRR1596090/SRR1596090.html -j /data5/galaxy/project/DNMT1_m6a/MEF_MES_compare/m6a_level/clean_fq/SRR1596090/SRR1596090.json -w 4 -z 2 
fastp v0.5.0, time used: 1422 seconds
Read1 before filtering:
total reads: 85281768
total bases: 4264088400
Q20 bases: 4201150222(98.524%)
Q30 bases: 4067078473(95.3798%)

Read1 after filtering:
total reads: 85262699
total bases: 4251785992
Q20 bases: 4189471849(98.5344%)
Q30 bases: 4056113222(95.3979%)

Filtering result:
reads passed filter: 85262699
reads failed due to low quality: 10760
reads failed due to too many N: 8309
reads failed due to too short: 0
reads with adapter trimmed: 1348995
bases trimmed due to adapters: 11350272

JSON report: /data5/galaxy/project/DNMT1_m6a/MEF_MES_compare/m6a_level/clean_fq/SRR1596088/SRR1596088.json
HTML report: /data5/galaxy/project/DNMT1_m6a/MEF_MES_compare/m6a_level/clean_fq/SRR1596088/SRR1596088.html

fastp -i /data5/galaxy/project/DNMT1_m6a/MEF_MES_compare/m6a_level/fq/SRR1596088.fastq.gz -o /data5/galaxy/project/DNMT1_m6a/MEF_MES_compare/m6a_level/clean_fq/SRR1596088/SRR1596088.fastq -h /data5/galaxy/project/DNMT1_m6a/MEF_MES_compare/m6a_level/clean_fq/SRR1596088/SRR1596088.html -j /data5/galaxy/project/DNMT1_m6a/MEF_MES_compare/m6a_level/clean_fq/SRR1596088/SRR1596088.json -w 4 -z 2 
fastp v0.5.0, time used: 1443 seconds
Read1 before filtering:
total reads: 90588075
total bases: 4529403750
Q20 bases: 4414614856(97.4657%)
Q30 bases: 4184736570(92.3905%)

Read1 after filtering:
total reads: 90562532
total bases: 4512978395
Q20 bases: 4399344784(97.4821%)
Q30 bases: 4170835808(92.4187%)

Filtering result:
reads passed filter: 90562532
reads failed due to low quality: 25543
reads failed due to too many N: 0
reads failed due to too short: 0
reads with adapter trimmed: 1914977
bases trimmed due to adapters: 15151251

JSON report: /data5/galaxy/project/DNMT1_m6a/MEF_MES_compare/m6a_level/clean_fq/SRR1596100/SRR1596100.json
HTML report: /data5/galaxy/project/DNMT1_m6a/MEF_MES_compare/m6a_level/clean_fq/SRR1596100/SRR1596100.html

fastp -i /data5/galaxy/project/DNMT1_m6a/MEF_MES_compare/m6a_level/fq/SRR1596100.fastq.gz -o /data5/galaxy/project/DNMT1_m6a/MEF_MES_compare/m6a_level/clean_fq/SRR1596100/SRR1596100.fastq -h /data5/galaxy/project/DNMT1_m6a/MEF_MES_compare/m6a_level/clean_fq/SRR1596100/SRR1596100.html -j /data5/galaxy/project/DNMT1_m6a/MEF_MES_compare/m6a_level/clean_fq/SRR1596100/SRR1596100.json -w 4 -z 2 
fastp v0.5.0, time used: 1571 seconds
Read1 before filtering:
total reads: 101173441
total bases: 5058672050
Q20 bases: 4937121443(97.5972%)
Q30 bases: 4694717371(92.8053%)

Read1 after filtering:
total reads: 101144165
total bases: 5040389014
Q20 bases: 4920137916(97.6142%)
Q30 bases: 4679255283(92.8352%)

Filtering result:
reads passed filter: 101144165
reads failed due to low quality: 29276
reads failed due to too many N: 0
reads failed due to too short: 0
reads with adapter trimmed: 2276302
bases trimmed due to adapters: 16822512

JSON report: /data5/galaxy/project/DNMT1_m6a/MEF_MES_compare/m6a_level/clean_fq/SRR1596098/SRR1596098.json
HTML report: /data5/galaxy/project/DNMT1_m6a/MEF_MES_compare/m6a_level/clean_fq/SRR1596098/SRR1596098.html

fastp -i /data5/galaxy/project/DNMT1_m6a/MEF_MES_compare/m6a_level/fq/SRR1596098.fastq.gz -o /data5/galaxy/project/DNMT1_m6a/MEF_MES_compare/m6a_level/clean_fq/SRR1596098/SRR1596098.fastq -h /data5/galaxy/project/DNMT1_m6a/MEF_MES_compare/m6a_level/clean_fq/SRR1596098/SRR1596098.html -j /data5/galaxy/project/DNMT1_m6a/MEF_MES_compare/m6a_level/clean_fq/SRR1596098/SRR1596098.json -w 4 -z 2 
fastp v0.5.0, time used: 1627 seconds
Read1 before filtering:
total reads: 181423226
total bases: 9071161300
Q20 bases: 8928547771(98.4278%)
Q30 bases: 8597888486(94.7827%)

Read1 after filtering:
total reads: 174694943
total bases: 8470472921
Q20 bases: 8339462313(98.4533%)
Q30 bases: 8035690438(94.8671%)

Filtering result:
reads passed filter: 174694943
reads failed due to low quality: 149073
reads failed due to too many N: 9536
reads failed due to too short: 6569674
reads with adapter trimmed: 29584607
bases trimmed due to adapters: 421212103

JSON report: /data5/galaxy/project/DNMT1_m6a/MEF_MES_compare/m6a_level/clean_fq/SRR1596086/SRR1596086.json
HTML report: /data5/galaxy/project/DNMT1_m6a/MEF_MES_compare/m6a_level/clean_fq/SRR1596086/SRR1596086.html

fastp -i /data5/galaxy/project/DNMT1_m6a/MEF_MES_compare/m6a_level/fq/SRR1596086.fastq.gz -o /data5/galaxy/project/DNMT1_m6a/MEF_MES_compare/m6a_level/clean_fq/SRR1596086/SRR1596086.fastq -h /data5/galaxy/project/DNMT1_m6a/MEF_MES_compare/m6a_level/clean_fq/SRR1596086/SRR1596086.html -j /data5/galaxy/project/DNMT1_m6a/MEF_MES_compare/m6a_level/clean_fq/SRR1596086/SRR1596086.json -w 4 -z 2 
fastp v0.5.0, time used: 2013 seconds
