7-muscle
7-lung
6-heart
7-heart
9-heart
8-liver
4-placenta
3-brain
7-brain
7-placenta
9-lung
3-kidney
4-stomach
1-kidney
2-muscle
9-brain
3-lung
9-muscle
2-placenta
3-liver
7-kidney
8-muscle
6-stomach
9-placenta
6-kidney
1-heart
10-stomach
5-muscle
2-brain
2-heart
6-liver
8-placenta
5-liver
9-kidney
9-liver
10-liver
8-kidney
1-muscle
10-lung
6-brain
9-stomach
7-liver
7-stomach
4-muscle
2-liver
1-stomach
10-placenta
6-lung
8-brain
2-lung
5-brain
1-liver
4-heart
6-placenta
8-heart
8-stomach
5-lung
8-lung
5-stomach
3-muscle
5-placenta
4-kidney
10-kidney
1-placenta
1-brain
4-lung
4-brain
2-stomach
5-heart
3-stomach
6-muscle
3-placenta
4-liver
1-lung
10-brain
3-heart
2-kidney
10-heart
5-kidney
10-muscle
7-muscle
7-lung
6-heart
7-heart
9-heart
8-liver
4-placenta
3-brain
7-brain
7-placenta
9-lung
3-kidney
4-stomach
1-kidney
2-muscle
9-brain
3-lung
9-muscle
2-placenta
3-liver
7-kidney
8-muscle
6-stomach
9-placenta
6-kidney
1-heart
10-stomach
5-muscle
2-brain
2-heart
6-liver
8-placenta
5-liver
9-kidney
9-liver
10-liver
8-kidney
1-muscle
10-lung
6-brain
9-stomach
7-liver
7-stomach
4-muscle
2-liver
1-stomach
10-placenta
6-lung
8-brain
2-lung
5-brain
1-liver
4-heart
6-placenta
8-heart
8-stomach
5-lung
8-lung
5-stomach
3-muscle
5-placenta
4-kidney
10-kidney
1-placenta
1-brain
4-lung
4-brain
2-stomach
5-heart
3-stomach
6-muscle
3-placenta
4-liver
1-lung
10-brain
3-heart
2-kidney
10-heart
5-kidney
10-muscle
