19280716 reads; of these:
  19280716 (100.00%) were unpaired; of these:
    12254936 (63.56%) aligned 0 times
    1735520 (9.00%) aligned exactly 1 time
    5290260 (27.44%) aligned >1 times
36.44% overall alignment rate
57175760 reads; of these:
  57175760 (100.00%) were unpaired; of these:
    37759283 (66.04%) aligned 0 times
    3249738 (5.68%) aligned exactly 1 time
    16166739 (28.28%) aligned >1 times
33.96% overall alignment rate
67011054 reads; of these:
  67011054 (100.00%) were unpaired; of these:
    32311955 (48.22%) aligned 0 times
    7942092 (11.85%) aligned exactly 1 time
    26757007 (39.93%) aligned >1 times
51.78% overall alignment rate
69850374 reads; of these:
  69850374 (100.00%) were unpaired; of these:
    40078588 (57.38%) aligned 0 times
    7201663 (10.31%) aligned exactly 1 time
    22570123 (32.31%) aligned >1 times
42.62% overall alignment rate
70972791 reads; of these:
  70972791 (100.00%) were unpaired; of these:
    23189371 (32.67%) aligned 0 times
    10108668 (14.24%) aligned exactly 1 time
    37674752 (53.08%) aligned >1 times
67.33% overall alignment rate
86296781 reads; of these:
  86296781 (100.00%) were unpaired; of these:
    45313248 (52.51%) aligned 0 times
    6342656 (7.35%) aligned exactly 1 time
    34640877 (40.14%) aligned >1 times
47.49% overall alignment rate
85262699 reads; of these:
  85262699 (100.00%) were unpaired; of these:
    25584602 (30.01%) aligned 0 times
    12628530 (14.81%) aligned exactly 1 time
    47049567 (55.18%) aligned >1 times
69.99% overall alignment rate
90562532 reads; of these:
  90562532 (100.00%) were unpaired; of these:
    28644016 (31.63%) aligned 0 times
    13011190 (14.37%) aligned exactly 1 time
    48907326 (54.00%) aligned >1 times
68.37% overall alignment rate
101144165 reads; of these:
  101144165 (100.00%) were unpaired; of these:
    29739118 (29.40%) aligned 0 times
    13377558 (13.23%) aligned exactly 1 time
    58027489 (57.37%) aligned >1 times
70.60% overall alignment rate
174694943 reads; of these:
  174694943 (100.00%) were unpaired; of these:
    61468992 (35.19%) aligned 0 times
    24257726 (13.89%) aligned exactly 1 time
    88968225 (50.93%) aligned >1 times
64.81% overall alignment rate
